<?xml version="1.0" encoding="UTF-8"?>
<!-- Generated by org.testng.reporters.JUnitReportReporter -->
<testsuite hostname="VIGNESH-DESKTOP-M7BTJCA" failures="0" tests="1" name="test.myContact" time="4.754" errors="0" timestamp="2023-10-15T11:09:23 IST" skipped="0">
  <testcase classname="test.myContact" name="USER_LOGIN" time="4.754"/>
</testsuite> <!-- test.myContact -->
